<?xml version="1.0" encoding="UTF-8"?>
<!-- Generated by org.testng.reporters.JUnitXMLReporter -->
<testsuite hostname="IBM-9DQ8QM3" ignored="3" name="Default test" tests="7" failures="0" timestamp="04 Jul 2022 18:18:28 GMT" time="5.46" errors="0">
  <testcase name="testcase1" time="1.398" classname="ibm.restassured.restassure"/>
  <testcase name="testcase5" time="0.186" classname="ibm.restassured.restassure"/>
  <testcase name="testcase6" time="0.046" classname="ibm.restassured.restassure"/>
  <testcase name="testcase7" time="0.041" classname="ibm.restassured.restassure"/>
  <testcase name="testcase8" time="3.661" classname="ibm.restassured.restassure"/>
  <testcase name="testcase9" time="0.057" classname="ibm.restassured.restassure"/>
  <testcase name="testcase9" time="0.029" classname="ibm.restassured.restassure"/>
  <testcase name="testcase3" time="0.0" classname="ibm.restassured.restassure">
    <ignored/>
  </testcase> <!-- testcase3 -->
  <testcase name="testcase2" time="0.0" classname="ibm.restassured.restassure">
    <ignored/>
  </testcase> <!-- testcase2 -->
  <testcase name="testcase4" time="0.0" classname="ibm.restassured.restassure">
    <ignored/>
  </testcase> <!-- testcase4 -->
</testsuite> <!-- Default test -->
