<?xml version="1.0" encoding="UTF-8"?>
<testng-results skipped="0" failed="0" ignored="3" total="10" passed="7">
  <reporter-output>
  </reporter-output>
  <suite name="Default suite" duration-ms="5460" started-at="2022-07-04T18:18:23Z" finished-at="2022-07-04T18:18:28Z">
    <groups>
    </groups>
    <test name="Default test" duration-ms="5460" started-at="2022-07-04T18:18:23Z" finished-at="2022-07-04T18:18:28Z">
      <class name="ibm.restassured.restassure">
        <test-method status="PASS" signature="testcase1()[pri:0, instance:ibm.restassured.restassure@cc285f4]" name="testcase1" duration-ms="1398" started-at="2022-07-04T18:18:23Z" finished-at="2022-07-04T18:18:24Z">
          <reporter-output>
          </reporter-output>
        </test-method> <!-- testcase1 -->
        <test-method status="PASS" signature="testcase5()[pri:0, instance:ibm.restassured.restassure@cc285f4]" name="testcase5" duration-ms="186" started-at="2022-07-04T18:18:24Z" finished-at="2022-07-04T18:18:24Z">
          <reporter-output>
          </reporter-output>
        </test-method> <!-- testcase5 -->
        <test-method status="PASS" signature="testcase6()[pri:0, instance:ibm.restassured.restassure@cc285f4]" name="testcase6" duration-ms="46" started-at="2022-07-04T18:18:24Z" finished-at="2022-07-04T18:18:24Z">
          <reporter-output>
          </reporter-output>
        </test-method> <!-- testcase6 -->
        <test-method status="PASS" signature="testcase7()[pri:0, instance:ibm.restassured.restassure@cc285f4]" name="testcase7" duration-ms="41" started-at="2022-07-04T18:18:24Z" finished-at="2022-07-04T18:18:24Z">
          <reporter-output>
          </reporter-output>
        </test-method> <!-- testcase7 -->
        <test-method status="PASS" signature="testcase8()[pri:0, instance:ibm.restassured.restassure@cc285f4]" name="testcase8" duration-ms="3661" started-at="2022-07-04T18:18:24Z" finished-at="2022-07-04T18:18:28Z">
          <reporter-output>
          </reporter-output>
        </test-method> <!-- testcase8 -->
        <test-method status="PASS" signature="testcase9(java.lang.String, java.lang.String)[pri:0, instance:ibm.restassured.restassure@cc285f4]" name="testcase9" duration-ms="57" started-at="2022-07-04T18:18:28Z" data-provider="testdata" finished-at="2022-07-04T18:18:28Z">
          <params>
            <param index="0">
              <value>
                <![CDATA[aakash]]>
              </value>
            </param>
            <param index="1">
              <value>
                <![CDATA[4]]>
              </value>
            </param>
          </params>
          <reporter-output>
          </reporter-output>
        </test-method> <!-- testcase9 -->
        <test-method status="PASS" signature="testcase9(java.lang.String, java.lang.String)[pri:0, instance:ibm.restassured.restassure@cc285f4]" name="testcase9" duration-ms="29" started-at="2022-07-04T18:18:28Z" data-provider="testdata" finished-at="2022-07-04T18:18:28Z">
          <params>
            <param index="0">
              <value>
                <![CDATA[raj]]>
              </value>
            </param>
            <param index="1">
              <value>
                <![CDATA[122]]>
              </value>
            </param>
          </params>
          <reporter-output>
          </reporter-output>
        </test-method> <!-- testcase9 -->
      </class> <!-- ibm.restassured.restassure -->
    </test> <!-- Default test -->
  </suite> <!-- Default suite -->
</testng-results>
